<?xml version="1.0" encoding="UTF-8"?>
<!-- Generated by org.testng.reporters.JUnitReportReporter -->
<testsuite hostname="DESKTOP-5RK9T99" failures="0" tests="3" name="com.project.bachthree.automation.qa.tests.RegisterTest" time="57.147" errors="0" timestamp="2024-09-23T20:43:48 NPT" skipped="0">
  <testcase classname="com.project.bachthree.automation.qa.tests.RegisterTest" name="verifyRegisterTest" time="19.670"/>
  <system-out>
    <![CDATA[register testcase Done!]]>
  </system-out>
  <testcase classname="com.project.bachthree.automation.qa.tests.RegisterTest" name="verifyRegisterTest" time="18.887"/>
  <system-out>
    <![CDATA[register testcase Done!]]>
  </system-out>
  <testcase classname="com.project.bachthree.automation.qa.tests.RegisterTest" name="verifyRegisterTest" time="18.590"/>
  <system-out>
    <![CDATA[register testcase Done!]]>
  </system-out>
</testsuite> <!-- com.project.bachthree.automation.qa.tests.RegisterTest -->
