<?xml version="1.0" encoding="UTF-8"?>
<!-- Generated by org.testng.reporters.JUnitReportReporter -->
<testsuite hostname="DESKTOP-5RK9T99" failures="0" tests="1" name="com.project.bachthree.automation.qa.tests.TotalQAHomePageCheckBoxClickTest" time="6.727" errors="0" timestamp="2024-09-23T07:33:53 NPT" skipped="0">
  <testcase classname="com.project.bachthree.automation.qa.tests.TotalQAHomePageCheckBoxClickTest" name="verifyAllClicksOnCheckBoxes" time="6.727"/>
  <system-out>
    <![CDATA[Totalqa Testcase Done!]]>
  </system-out>
</testsuite> <!-- com.project.bachthree.automation.qa.tests.TotalQAHomePageCheckBoxClickTest -->
